Arguments: 
  /usr/local/bin/node /usr/bin/yarn add wiston @types/wiston joi @types/joi

PATH: 
  /home/mixed_code/.local/bin:/home/mixed_code/miniconda3/bin:/home/mixed_code/miniconda3/condabin:/home/mixed_code/.rvm/gems/ruby-2.5.1/bin:/home/mixed_code/.rvm/gems/ruby-2.5.1@global/bin:/home/mixed_code/.rvm/rubies/ruby-2.5.1/bin:/home/mixed_code/.local/bin:/usr/local/sbin:/usr/local/bin:/usr/sbin:/usr/bin:/sbin:/bin:/usr/games:/usr/local/games:/snap/bin:/home/mixed_code/.rvm/bin:/home/mixed_code/.rvm/bin:/home/mixed_code/Android/Sdk:/usr/lib/jvm/java-8-openjdk-amd64:/home/mixed_code/Android/Sdk/tools:/home/mixed_code/Android/Sdk/tools/emulator:/home/mixed_code/.rvm/bin:/home/mixed_code/.rvm/bin:/home/mixed_code/Android/Sdk:/usr/lib/jvm/java-8-openjdk-amd64:/home/mixed_code/Android/Sdk/tools:/home/mixed_code/Android/Sdk/tools/emulator

Yarn version: 
  1.21.1

Node version: 
  13.11.0

Platform: 
  linux x64

Trace: 
  Error: https://registry.yarnpkg.com/wiston: Not found
      at Request.params.callback [as _callback] (/usr/lib/node_modules/yarn/lib/cli.js:66947:18)
      at Request.self.callback (/usr/lib/node_modules/yarn/lib/cli.js:140665:22)
      at Request.emit (events.js:315:20)
      at Request.<anonymous> (/usr/lib/node_modules/yarn/lib/cli.js:141637:10)
      at Request.emit (events.js:315:20)
      at IncomingMessage.<anonymous> (/usr/lib/node_modules/yarn/lib/cli.js:141559:12)
      at Object.onceWrapper (events.js:421:28)
      at IncomingMessage.emit (events.js:327:22)
      at endReadableNT (_stream_readable.js:1201:12)
      at processTicksAndRejections (internal/process/task_queues.js:84:21)

npm manifest: 
  {
  	"name": "adda-backend",
  	"version": "1.0.0",
  	"description": "a back end in nodejs and postgresql ",
  	"main": "dist/",
  	"scripts": {
  		"test": "jest",
  		"build": "tsc",
  		"start": "npm run build && node dist/src/index.js",
  		"dev": "nodemon --exec npm run restart",
  		"restart": "rm -rf dist && npm run start"
  	},
  	"keywords": [
  		"postgres",
  		"node",
  		"typescript",
  		"javascript",
  		"backend"
  	],
  	"author": "mixed_code bemijonathan",
  	"license": "ISC",
  	"dependencies": {
  		"@types/bcrypt": "^3.0.0",
  		"@types/chalk": "^2.2.0",
  		"@types/dotenv": "^8.2.0",
  		"@types/express": "^4.17.6",
  		"@types/jsonwebtoken": "^8.5.0",
  		"@types/mongoose": "^5.7.32",
  		"@types/morgan": "^1.9.1",
  		"@types/node": "^14.0.14",
  		"@types/uuid": "^8.0.0",
  		"bcrypt": "^5.0.0",
  		"chalk": "^4.1.0",
  		"dotenv": "^8.2.0",
  		"express": "^4.17.1",
  		"jest": "^26.1.0",
  		"jsonwebtoken": "^8.5.1",
  		"mongoose": "^5.9.25",
  		"morgan": "^1.10.0",
  		"pg": "^8.2.1",
  		"rimraff": "0.0.1-security",
  		"supertest": "^4.0.2",
  		"ts-jest": "^26.1.4",
  		"typescript": "^3.9.7",
  		"typescript-mix": "^3.1.3",
  		"uuid": "^8.2.0"
  	},
  	"devDependencies": {
  		"@types/jest": "^26.0.9",
  		"@types/supertest": "^2.0.10",
  		"@typescript-eslint/eslint-plugin": "^3.4.0",
  		"@typescript-eslint/parser": "^3.4.0",
  		"eslint": "^7.3.1"
  	}
  }

yarn manifest: 
  No manifest

Lockfile: 
  No lockfile
